c:\users\vlad\source\repos\project1\project1\x64\debug\vc141.pdb
c:\users\vlad\source\repos\project1\project1\x64\debug\vc141.idb
c:\users\vlad\source\repos\project1\project1\x64\debug\matrix.obj
c:\users\vlad\source\repos\project1\project1\x64\debug\nenet.obj
c:\users\vlad\source\repos\project1\project1\x64\debug\main.obj
c:\users\vlad\source\repos\project1\project1\x64\debug\ssn.obj
c:\users\vlad\source\repos\project1\project1\x64\debug\ssn.new.obj.enc
c:\users\vlad\source\repos\project1\x64\debug\project1.pdb
c:\users\vlad\source\repos\project1\project1\x64\debug\project1.tlog\cl.command.1.tlog
c:\users\vlad\source\repos\project1\project1\x64\debug\project1.tlog\cl.read.1.tlog
c:\users\vlad\source\repos\project1\project1\x64\debug\project1.tlog\cl.write.1.tlog
c:\users\vlad\source\repos\project1\project1\x64\debug\project1.tlog\link.8000-cvtres.read.1.tlog
c:\users\vlad\source\repos\project1\project1\x64\debug\project1.tlog\link.8000-cvtres.write.1.tlog
c:\users\vlad\source\repos\project1\project1\x64\debug\project1.tlog\link.8000-rc.read.1.tlog
c:\users\vlad\source\repos\project1\project1\x64\debug\project1.tlog\link.8000-rc.write.1.tlog
c:\users\vlad\source\repos\project1\project1\x64\debug\project1.tlog\link.8000.read.1.tlog
c:\users\vlad\source\repos\project1\project1\x64\debug\project1.tlog\link.8000.write.1.tlog
c:\users\vlad\source\repos\project1\project1\x64\debug\project1.tlog\link.command.1.tlog
c:\users\vlad\source\repos\project1\project1\x64\debug\project1.tlog\link.read.1.tlog
c:\users\vlad\source\repos\project1\project1\x64\debug\project1.tlog\link.write.1.tlog
